C:\USERS\SLO\DOCUMENTS\VISUAL STUDIO 2012\PROJECTS\WINDOWSAPI\WINDOWSAPI\DEBUG\FIRST.OBJ
C:\USERS\SLO\DOCUMENTS\VISUAL STUDIO 2012\PROJECTS\WINDOWSAPI\WINDOWSAPI\DEBUG\VC110.PDB
C:\USERS\SLO\DOCUMENTS\VISUAL STUDIO 2012\PROJECTS\WINDOWSAPI\WINDOWSAPI\DEBUG\TEXTOUT.OBJ
C:\USERS\SLO\DOCUMENTS\VISUAL STUDIO 2012\PROJECTS\WINDOWSAPI\WINDOWSAPI\DEBUG\DRAWTEXT.OBJ
C:\USERS\SLO\DOCUMENTS\VISUAL STUDIO 2012\PROJECTS\WINDOWSAPI\DEBUG\WINDOWSAPI.ILK
C:\USERS\SLO\DOCUMENTS\VISUAL STUDIO 2012\PROJECTS\WINDOWSAPI\DEBUG\WINDOWSAPI.EXE
C:\USERS\SLO\DOCUMENTS\VISUAL STUDIO 2012\PROJECTS\WINDOWSAPI\DEBUG\WINDOWSAPI.PDB
C:\Users\sLo\Documents\Visual Studio 2012\Projects\WindowsAPI\WindowsAPI\Debug\DrawText.obj
C:\Users\sLo\Documents\Visual Studio 2012\Projects\WindowsAPI\WindowsAPI\Debug\first.obj
C:\Users\sLo\Documents\Visual Studio 2012\Projects\WindowsAPI\WindowsAPI\Debug\TextOut.obj
C:\Users\sLo\Documents\Visual Studio 2012\Projects\WindowsAPI\WindowsAPI\Debug\cl.command.1.tlog
C:\Users\sLo\Documents\Visual Studio 2012\Projects\WindowsAPI\WindowsAPI\Debug\CL.read.1.tlog
C:\Users\sLo\Documents\Visual Studio 2012\Projects\WindowsAPI\WindowsAPI\Debug\CL.write.1.tlog
C:\Users\sLo\Documents\Visual Studio 2012\Projects\WindowsAPI\WindowsAPI\Debug\link-cvtres.read.1.tlog
C:\Users\sLo\Documents\Visual Studio 2012\Projects\WindowsAPI\WindowsAPI\Debug\link-cvtres.write.1.tlog
C:\Users\sLo\Documents\Visual Studio 2012\Projects\WindowsAPI\WindowsAPI\Debug\link-rc.read.1.tlog
C:\Users\sLo\Documents\Visual Studio 2012\Projects\WindowsAPI\WindowsAPI\Debug\link-rc.write.1.tlog
C:\Users\sLo\Documents\Visual Studio 2012\Projects\WindowsAPI\WindowsAPI\Debug\link.1456-cvtres.read.1.tlog
C:\Users\sLo\Documents\Visual Studio 2012\Projects\WindowsAPI\WindowsAPI\Debug\link.1456-cvtres.write.1.tlog
C:\Users\sLo\Documents\Visual Studio 2012\Projects\WindowsAPI\WindowsAPI\Debug\link.1456-rc.read.1.tlog
C:\Users\sLo\Documents\Visual Studio 2012\Projects\WindowsAPI\WindowsAPI\Debug\link.1456-rc.write.1.tlog
C:\Users\sLo\Documents\Visual Studio 2012\Projects\WindowsAPI\WindowsAPI\Debug\link.1456.read.1.tlog
C:\Users\sLo\Documents\Visual Studio 2012\Projects\WindowsAPI\WindowsAPI\Debug\link.1456.write.1.tlog
C:\Users\sLo\Documents\Visual Studio 2012\Projects\WindowsAPI\WindowsAPI\Debug\link.3828-cvtres.read.1.tlog
C:\Users\sLo\Documents\Visual Studio 2012\Projects\WindowsAPI\WindowsAPI\Debug\link.3828-cvtres.write.1.tlog
C:\Users\sLo\Documents\Visual Studio 2012\Projects\WindowsAPI\WindowsAPI\Debug\link.3828-rc.read.1.tlog
C:\Users\sLo\Documents\Visual Studio 2012\Projects\WindowsAPI\WindowsAPI\Debug\link.3828-rc.write.1.tlog
C:\Users\sLo\Documents\Visual Studio 2012\Projects\WindowsAPI\WindowsAPI\Debug\link.3828.read.1.tlog
C:\Users\sLo\Documents\Visual Studio 2012\Projects\WindowsAPI\WindowsAPI\Debug\link.3828.write.1.tlog
C:\Users\sLo\Documents\Visual Studio 2012\Projects\WindowsAPI\WindowsAPI\Debug\link.command.1.tlog
C:\Users\sLo\Documents\Visual Studio 2012\Projects\WindowsAPI\WindowsAPI\Debug\link.read.1.tlog
C:\Users\sLo\Documents\Visual Studio 2012\Projects\WindowsAPI\WindowsAPI\Debug\link.write.1.tlog
C:\Users\sLo\Documents\Visual Studio 2012\Projects\WindowsAPI\WindowsAPI\Debug\vc110.idb
C:\Users\sLo\Documents\Visual Studio 2012\Projects\WindowsAPI\WindowsAPI\Debug\vc110.pdb
C:\Users\sLo\Documents\Visual Studio 2012\Projects\WindowsAPI\Debug\WindowsAPI.pdb
C:\Users\sLo\Documents\Visual Studio 2012\Projects\WindowsAPI\Debug\WindowsAPI.exe
C:\Users\sLo\Documents\Visual Studio 2012\Projects\WindowsAPI\Debug\WindowsAPI.ilk
